<?xml version="1.0" encoding="UTF-8"?>
<!-- Generated by org.testng.reporters.JUnitReportReporter -->
<testsuite skipped="0" hostname="gayatekiMacBook-Air.local" name="test.bilibiliTest" tests="1" failures="0" timestamp="27 六月 2017 14:13:36 GMT" time="10.929" errors="0">
  <testcase name="swipTest" time="10.929" classname="test.bilibiliTest"/>
</testsuite> <!-- test.bilibiliTest -->
