<?xml version="1.0" encoding="UTF-8"?>
<!-- Generated by org.testng.reporters.JUnitReportReporter -->
<testsuite skipped="0" hostname="gayatekiMacBook-Air.local" name="test.Oil" tests="3" failures="0" timestamp="15 十一月 2017 14:56:03 GMT" time="50.060" errors="0">
  <testcase name="start" time="5.081" classname="test.Oil"/>
  <testcase name="login" time="15.705" classname="test.Oil"/>
  <testcase name="singleOilBuy" time="29.274" classname="test.Oil"/>
</testsuite> <!-- test.Oil -->
